2025-04-13 20:12:17,504 - __main__ - INFO - === 논문 포스팅 작업 시작 ===
2025-04-13 20:12:17,504 - __main__ - INFO - 설정 로드 중...
2025-04-13 20:12:17,505 - __main__ - INFO - 설정 로드 완료.
2025-04-13 20:12:17,506 - __main__ - INFO - 포스트 캐시 초기화 중...
2025-04-13 20:12:17,506 - post_cache - INFO - 캐시 파일 로드: c:\Users\tpdud\code\blog_AI_News\posted_papers.txt. 총 0개 ID 로드됨.
2025-04-13 20:12:17,510 - __main__ - INFO - 포스트 캐시 초기화 완료.
2025-04-13 20:12:17,511 - __main__ - INFO - 논문 크롤러 초기화 중...
2025-04-13 20:12:17,511 - __main__ - INFO - 논문 크롤러 초기화 완료.
2025-04-13 20:12:17,511 - __main__ - INFO - 최근 상위 논문 검색 시작...
2025-04-13 20:12:17,512 - arxiv - INFO - Requesting page (first: True, try: 0): https://export.arxiv.org/api/query?search_query=cat%3Acs.AI&id_list=&sortBy=submittedDate&sortOrder=descending&start=0&max_results=100
2025-04-13 20:12:20,133 - __main__ - INFO - === 논문 포스팅 작업 종료 ===
2025-04-13 20:14:28,533 - __main__ - INFO - 스케줄러 시작. 매일 한국 시간 03:00에 작업 실행 예정.
2025-04-13 20:15:25,369 - __main__ - INFO - 스케줄러 시작. 매일 한국 시간 03:05에 작업 실행 예정.
2025-04-13 20:16:43,158 - __main__ - INFO - === 논문 포스팅 작업 시작 ===
2025-04-13 20:16:43,158 - __main__ - INFO - 설정 로드 중...
2025-04-13 20:16:43,159 - __main__ - INFO - 설정 로드 완료.
2025-04-13 20:16:43,159 - __main__ - INFO - 포스트 캐시 초기화 중...
2025-04-13 20:16:43,160 - post_cache - INFO - 캐시 파일 로드: c:\Users\tpdud\code\blog_AI_News\posted_papers.txt. 총 0개 ID 로드됨.
2025-04-13 20:16:43,160 - __main__ - INFO - 포스트 캐시 초기화 완료.
2025-04-13 20:16:43,160 - __main__ - INFO - 논문 크롤러 초기화 중...
2025-04-13 20:16:43,160 - __main__ - INFO - 논문 크롤러 초기화 완료.
2025-04-13 20:16:43,160 - __main__ - INFO - 최근 상위 논문 검색 시작...
2025-04-13 20:16:43,161 - arxiv - INFO - Requesting page (first: True, try: 0): https://export.arxiv.org/api/query?search_query=cat%3Acs.AI&id_list=&sortBy=submittedDate&sortOrder=descending&start=0&max_results=100
2025-04-13 20:16:45,127 - arxiv - INFO - Got first page: 100 of 122080 total results
2025-04-13 20:16:45,133 - arxiv - INFO - Requesting page (first: True, try: 0): https://export.arxiv.org/api/query?search_query=cat%3Acs.AI&id_list=&sortBy=submittedDate&sortOrder=descending&start=0&max_results=100
2025-04-13 20:16:47,016 - arxiv - INFO - Got first page: 100 of 122080 total results
2025-04-13 20:16:47,021 - arxiv - INFO - Requesting page (first: True, try: 0): https://export.arxiv.org/api/query?search_query=cat%3Acs.AI&id_list=&sortBy=submittedDate&sortOrder=descending&start=0&max_results=100
2025-04-13 20:16:48,816 - arxiv - INFO - Got first page: 100 of 122080 total results
2025-04-13 20:16:48,828 - __main__ - INFO - 상위 20개 논문 검색 완료.
2025-04-13 20:16:48,828 - __main__ - INFO - 블로그 포스터 초기화 중...
2025-04-13 20:16:48,828 - WDM - INFO - ====== WebDriver manager ======
2025-04-13 20:16:49,789 - WDM - INFO - Get LATEST chromedriver version for google-chrome
2025-04-13 20:16:49,853 - WDM - INFO - Get LATEST chromedriver version for google-chrome
2025-04-13 20:16:49,982 - WDM - INFO - Driver [C:\Users\tpdud\.wdm\drivers\chromedriver\win64\135.0.7049.84\chromedriver-win32/chromedriver.exe] found in cache
2025-04-13 20:16:51,126 - __main__ - INFO - 블로그 포스터 초기화 완료.
2025-04-13 20:16:51,127 - __main__ - INFO - 새 논문 포스팅 시작 (최대 10개 목표)...
2025-04-13 20:16:51,127 - __main__ - INFO - 포스팅 시도 (순위: 1, 목표: 1/10): VCR-Bench: A Comprehensive Evaluation Framework for Video Chain-of-Thought Reasoning (ID: http://arxiv.org/abs/2504.07956v1)
2025-04-13 20:16:51,127 - blog_poster - INFO - Posting paper (Original Title): VCR-Bench: A Comprehensive Evaluation Framework for Video Chain-of-Thought Reasoning
2025-04-13 20:17:39,565 - blog_poster - INFO - Generated Blog Title: 동영상 사고 과정 평가의 새로운 기준, VCR-Bench
2025-04-13 20:17:39,565 - blog_poster - INFO - Generated Tags: ['동영상 추론', 'Chain of Thought', 'VCR Bench', 'AI 평가 프레임워크', '대형 시각 언어 모델', 'LVLM', 'CoT 점수', '동영상 이해', 'AI 벤치마크', '시공간 정보 처리', '인지 vs 추론', '동영상 QA', 'AI 연구 동향', '모델 평가', '동영상 분석', 'AI 한계 분석', '추론 능력 평가', '인지 능력 평가', '동영상 사고 과정', 'AI 성능 측정']
2025-04-13 20:19:35,426 - blog_poster - INFO - Successfully posted paper: VCR-Bench: A Comprehensive Evaluation Framework for Video Chain-of-Thought Reasoning (as: 동영상 사고 과정 평가의 새로운 기준, VCR-Bench)
2025-04-13 20:19:35,429 - __main__ - INFO - 성공 후 10초 대기...
2025-04-13 20:19:45,433 - __main__ - INFO - 포스팅 시도 (순위: 2, 목표: 2/10): We Are All Creators: Generative AI, Collective Knowledge, and the Path Towards Human-AI Synergy (ID: http://arxiv.org/abs/2504.07936v1)
2025-04-13 20:19:45,433 - blog_poster - INFO - Posting paper (Original Title): We Are All Creators: Generative AI, Collective Knowledge, and the Path Towards Human-AI Synergy
2025-04-13 20:20:32,498 - blog_poster - INFO - Generated Blog Title: AI와 인간의 창조적 공존: 생성형 AI가 바꾸는 창의성의 미래
2025-04-13 20:20:32,498 - blog_poster - INFO - Generated Tags: ['생성형 AI', '인간 AI 협력', '창의성 혁명', '집단 지식', 'AI 저작권', '수학적 패턴 합성', '공정한 AI 접근성', '윤리적 인공지능', '창작 민주화', 'AI 편향성', '신경망 기반 학습', '데이터 결정론', '미래 창작 도구', 'AI 사회적 영향', '기술 인문학', '디지털 트랜스포메이션', 'AI 교육 혁신', '콘텐츠 생성 기술', '인공지능 한계', 'Human AI Synergy']
2025-04-13 20:21:57,581 - blog_poster - ERROR - Error posting paper We Are All Creators: Generative AI, Collective Knowledge, and the Path Towards Human-AI Synergy: Failed to create post
Traceback (most recent call last):
  File "c:\Users\tpdud\code\blog_AI_News\src\blog_poster.py", line 612, in post_paper
    raise Exception("Failed to create post")
Exception: Failed to create post
2025-04-13 20:21:57,589 - __main__ - INFO - 포스팅 시도 (순위: 3, 목표: 2/10): GenEAva: Generating Cartoon Avatars with Fine-Grained Facial Expressions from Realistic Diffusion-based Faces (ID: http://arxiv.org/abs/2504.07945v1)
2025-04-13 20:21:57,590 - blog_poster - INFO - Posting paper (Original Title): GenEAva: Generating Cartoon Avatars with Fine-Grained Facial Expressions from Realistic Diffusion-based Faces
2025-04-13 20:22:42,707 - __main__ - INFO - 블로그 포스터 리소스 정리 중...
2025-04-13 20:22:49,749 - __main__ - INFO - 스케줄러 시작. 매일 한국 시간 20:25에 작업 실행 예정.
